<?xml version="1.0" encoding="UTF-8"?>
<!-- Generated by org.testng.reporters.JUnitReportReporter -->
<testsuite hostname="DESKTOP-BJ7HU2O" failures="0" tests="1" name="com.Actitime.Testscripts.CreateCustomer" time="9.896" errors="0" timestamp="2024-08-25T10:31:35 IST" skipped="0">
  <testcase classname="com.Actitime.Testscripts.CreateCustomer" name="addCustomer" time="9.896">
    <system-out>
      <![CDATA[verification successful]]>
    </system-out>
  </testcase> <!-- addCustomer -->
  <system-out>
    <![CDATA[database connected
logged in successfully
verification successful
logged put successfully
browser closed
database disconnected]]>
  </system-out>
</testsuite> <!-- com.Actitime.Testscripts.CreateCustomer -->
